<?xml version="1.0" encoding="UTF-8"?>
<!-- Generated by org.testng.reporters.JUnitXMLReporter -->
<testsuite ignored="0" hostname="DESKTOP-BCE8AG1" failures="0" tests="10" name="Default test" time="53.071" errors="0" timestamp="20 May 2022 13:38:04 GMT">
  <testcase classname="pages.Logincrm" name="loginApp" time="5.125"/>
  <testcase classname="pages.Logincrm" name="signupapp" time="8.588"/>
  <testcase classname="pages.Logincrm" name="searchupapp" time="7.901"/>
  <testcase classname="pages.Logincrm" name="Bedapp" time="7.011"/>
  <testcase classname="pages.Logincrm" name="Bedappcart" time="4.62"/>
  <testcase classname="pages.Logincrm" name="assertionaa" time="2.679"/>
  <testcase classname="pages.Logincrm" name="tvappcart" time="2.883"/>
  <testcase classname="pages.Logincrm" name="studyapp" time="3.107"/>
  <testcase classname="pages.Logincrm" name="aboutapp" time="0.639"/>
  <testcase classname="pages.Logincrm" name="infoapp" time="0.378"/>
</testsuite> <!-- Default test -->
